2019-07-05 15:59:38,094 0      [           main] DEBUG ache.ibatis.logging.LogFactory  - Logging initialized using 'class org.apache.ibatis.logging.log4j.Log4jImpl' adapter.
2019-07-05 15:59:38,143 49     [           main] DEBUG source.pooled.PooledDataSource  - PooledDataSource forcefully closed/removed all connections.
2019-07-05 15:59:38,151 57     [           main] DEBUG source.pooled.PooledDataSource  - PooledDataSource forcefully closed/removed all connections.
2019-07-05 15:59:38,152 58     [           main] DEBUG source.pooled.PooledDataSource  - PooledDataSource forcefully closed/removed all connections.
2019-07-05 15:59:38,152 58     [           main] DEBUG source.pooled.PooledDataSource  - PooledDataSource forcefully closed/removed all connections.
2019-07-05 15:59:38,337 243    [           main] DEBUG ansaction.jdbc.JdbcTransaction  - Opening JDBC Connection
2019-07-05 15:59:38,756 662    [           main] DEBUG source.pooled.PooledDataSource  - Created connection 1623009085.
2019-07-05 15:59:38,757 663    [           main] DEBUG ansaction.jdbc.JdbcTransaction  - Setting autocommit to false on JDBC Connection [com.mysql.cj.jdbc.ConnectionImpl@60bd273d]
2019-07-05 15:59:38,766 672    [           main] DEBUG      dkz97.dao.UserDao.findAll  - ==>  Preparing: SELECT * FROM user; 
2019-07-05 15:59:38,882 788    [           main] DEBUG      dkz97.dao.UserDao.findAll  - ==> Parameters: 
2019-07-05 15:59:38,996 902    [           main] DEBUG      dkz97.dao.UserDao.findAll  - <==      Total: 6
2019-07-05 15:59:39,000 906    [           main] DEBUG ansaction.jdbc.JdbcTransaction  - Resetting autocommit to true on JDBC Connection [com.mysql.cj.jdbc.ConnectionImpl@60bd273d]
2019-07-05 15:59:39,001 907    [           main] DEBUG ansaction.jdbc.JdbcTransaction  - Closing JDBC Connection [com.mysql.cj.jdbc.ConnectionImpl@60bd273d]
2019-07-05 15:59:39,002 908    [           main] DEBUG source.pooled.PooledDataSource  - Returned connection 1623009085 to pool.
2019-07-05 16:10:46,756 3      [           main] DEBUG ache.ibatis.logging.LogFactory  - Logging initialized using 'class org.apache.ibatis.logging.log4j.Log4jImpl' adapter.
2019-07-05 16:10:46,817 64     [           main] DEBUG source.pooled.PooledDataSource  - PooledDataSource forcefully closed/removed all connections.
2019-07-05 16:10:46,818 65     [           main] DEBUG source.pooled.PooledDataSource  - PooledDataSource forcefully closed/removed all connections.
2019-07-05 16:10:46,818 65     [           main] DEBUG source.pooled.PooledDataSource  - PooledDataSource forcefully closed/removed all connections.
2019-07-05 16:10:46,819 66     [           main] DEBUG source.pooled.PooledDataSource  - PooledDataSource forcefully closed/removed all connections.
2019-07-05 16:12:17,595 0      [           main] DEBUG ache.ibatis.logging.LogFactory  - Logging initialized using 'class org.apache.ibatis.logging.log4j.Log4jImpl' adapter.
2019-07-05 16:12:17,636 41     [           main] DEBUG source.pooled.PooledDataSource  - PooledDataSource forcefully closed/removed all connections.
2019-07-05 16:12:17,637 42     [           main] DEBUG source.pooled.PooledDataSource  - PooledDataSource forcefully closed/removed all connections.
2019-07-05 16:12:17,637 42     [           main] DEBUG source.pooled.PooledDataSource  - PooledDataSource forcefully closed/removed all connections.
2019-07-05 16:12:17,637 42     [           main] DEBUG source.pooled.PooledDataSource  - PooledDataSource forcefully closed/removed all connections.
2019-07-05 16:12:17,832 237    [           main] DEBUG ansaction.jdbc.JdbcTransaction  - Opening JDBC Connection
2019-07-05 16:12:18,313 718    [           main] DEBUG source.pooled.PooledDataSource  - Created connection 2067180044.
2019-07-05 16:12:18,315 720    [           main] DEBUG ansaction.jdbc.JdbcTransaction  - Setting autocommit to false on JDBC Connection [com.mysql.cj.jdbc.ConnectionImpl@7b36aa0c]
2019-07-05 16:12:18,325 730    [           main] DEBUG     dkz97.dao.UserDao.findById  - ==>  Preparing: SELECT * FROM User WHERE id=?; 
2019-07-05 16:12:18,453 858    [           main] DEBUG     dkz97.dao.UserDao.findById  - ==> Parameters: 48(Integer)
2019-07-05 16:12:18,582 987    [           main] DEBUG     dkz97.dao.UserDao.findById  - <==      Total: 1
2019-07-05 16:18:41,888 0      [           main] DEBUG ache.ibatis.logging.LogFactory  - Logging initialized using 'class org.apache.ibatis.logging.log4j.Log4jImpl' adapter.
2019-07-05 16:18:41,931 43     [           main] DEBUG source.pooled.PooledDataSource  - PooledDataSource forcefully closed/removed all connections.
2019-07-05 16:18:41,932 44     [           main] DEBUG source.pooled.PooledDataSource  - PooledDataSource forcefully closed/removed all connections.
2019-07-05 16:18:41,932 44     [           main] DEBUG source.pooled.PooledDataSource  - PooledDataSource forcefully closed/removed all connections.
2019-07-05 16:18:41,932 44     [           main] DEBUG source.pooled.PooledDataSource  - PooledDataSource forcefully closed/removed all connections.
2019-07-05 16:19:18,330 0      [           main] DEBUG ache.ibatis.logging.LogFactory  - Logging initialized using 'class org.apache.ibatis.logging.log4j.Log4jImpl' adapter.
2019-07-05 16:19:18,374 44     [           main] DEBUG source.pooled.PooledDataSource  - PooledDataSource forcefully closed/removed all connections.
2019-07-05 16:19:18,374 44     [           main] DEBUG source.pooled.PooledDataSource  - PooledDataSource forcefully closed/removed all connections.
2019-07-05 16:19:18,375 45     [           main] DEBUG source.pooled.PooledDataSource  - PooledDataSource forcefully closed/removed all connections.
2019-07-05 16:19:18,375 45     [           main] DEBUG source.pooled.PooledDataSource  - PooledDataSource forcefully closed/removed all connections.
2019-07-05 16:19:18,542 212    [           main] DEBUG ansaction.jdbc.JdbcTransaction  - Opening JDBC Connection
2019-07-05 16:19:18,943 613    [           main] DEBUG source.pooled.PooledDataSource  - Created connection 1371957475.
2019-07-05 16:19:18,943 613    [           main] DEBUG ansaction.jdbc.JdbcTransaction  - Setting autocommit to false on JDBC Connection [com.mysql.cj.jdbc.ConnectionImpl@51c668e3]
2019-07-05 16:19:18,954 624    [           main] DEBUG     dkz97.dao.UserDao.saveUser  - ==>  Preparing: INSERT INTO user(username,birthday,sex,address) values(?,?,?,?); 
2019-07-05 16:19:19,090 760    [           main] DEBUG     dkz97.dao.UserDao.saveUser  - ==> Parameters: 张三(String), 2019-07-05 16:19:18.516(Timestamp), 男(String), 广州市番禺区(String)
2019-07-05 16:19:19,106 776    [           main] DEBUG     dkz97.dao.UserDao.saveUser  - <==    Updates: 1
2019-07-05 16:20:04,414 0      [           main] DEBUG ache.ibatis.logging.LogFactory  - Logging initialized using 'class org.apache.ibatis.logging.log4j.Log4jImpl' adapter.
2019-07-05 16:20:04,457 43     [           main] DEBUG source.pooled.PooledDataSource  - PooledDataSource forcefully closed/removed all connections.
2019-07-05 16:20:04,457 43     [           main] DEBUG source.pooled.PooledDataSource  - PooledDataSource forcefully closed/removed all connections.
2019-07-05 16:20:04,458 44     [           main] DEBUG source.pooled.PooledDataSource  - PooledDataSource forcefully closed/removed all connections.
2019-07-05 16:20:04,462 48     [           main] DEBUG source.pooled.PooledDataSource  - PooledDataSource forcefully closed/removed all connections.
2019-07-05 16:20:04,661 247    [           main] DEBUG ansaction.jdbc.JdbcTransaction  - Opening JDBC Connection
2019-07-05 16:20:05,162 748    [           main] DEBUG source.pooled.PooledDataSource  - Created connection 1894369629.
2019-07-05 16:20:05,163 749    [           main] DEBUG ansaction.jdbc.JdbcTransaction  - Setting autocommit to false on JDBC Connection [com.mysql.cj.jdbc.ConnectionImpl@70e9c95d]
2019-07-05 16:20:05,182 768    [           main] DEBUG     dkz97.dao.UserDao.saveUser  - ==>  Preparing: INSERT INTO user(username,birthday,sex,address) values(?,?,?,?); 
2019-07-05 16:20:05,354 940    [           main] DEBUG     dkz97.dao.UserDao.saveUser  - ==> Parameters: 张三(String), 2019-07-05 16:20:04.633(Timestamp), 男(String), 广州市番禺区(String)
2019-07-05 16:20:05,364 950    [           main] DEBUG     dkz97.dao.UserDao.saveUser  - <==    Updates: 1
2019-07-05 16:20:05,365 951    [           main] DEBUG ansaction.jdbc.JdbcTransaction  - Committing JDBC Connection [com.mysql.cj.jdbc.ConnectionImpl@70e9c95d]
2019-07-05 16:20:59,258 0      [           main] DEBUG ache.ibatis.logging.LogFactory  - Logging initialized using 'class org.apache.ibatis.logging.log4j.Log4jImpl' adapter.
2019-07-05 16:20:59,293 35     [           main] DEBUG source.pooled.PooledDataSource  - PooledDataSource forcefully closed/removed all connections.
2019-07-05 16:20:59,293 35     [           main] DEBUG source.pooled.PooledDataSource  - PooledDataSource forcefully closed/removed all connections.
2019-07-05 16:20:59,294 36     [           main] DEBUG source.pooled.PooledDataSource  - PooledDataSource forcefully closed/removed all connections.
2019-07-05 16:20:59,294 36     [           main] DEBUG source.pooled.PooledDataSource  - PooledDataSource forcefully closed/removed all connections.
2019-07-05 16:20:59,448 190    [           main] DEBUG ansaction.jdbc.JdbcTransaction  - Opening JDBC Connection
2019-07-05 16:20:59,900 642    [           main] DEBUG source.pooled.PooledDataSource  - Created connection 1894369629.
2019-07-05 16:20:59,902 644    [           main] DEBUG ansaction.jdbc.JdbcTransaction  - Setting autocommit to false on JDBC Connection [com.mysql.cj.jdbc.ConnectionImpl@70e9c95d]
2019-07-05 16:20:59,918 660    [           main] DEBUG     dkz97.dao.UserDao.saveUser  - ==>  Preparing: INSERT INTO user(username,birthday,sex,address) values(?,?,?,?); 
2019-07-05 16:21:00,100 842    [           main] DEBUG     dkz97.dao.UserDao.saveUser  - ==> Parameters: 张三(String), 2019-07-05 16:20:59.427(Timestamp), 男(String), 广州市番禺区(String)
2019-07-05 16:21:00,109 851    [           main] DEBUG     dkz97.dao.UserDao.saveUser  - <==    Updates: 1
2019-07-05 16:21:00,110 852    [           main] DEBUG ansaction.jdbc.JdbcTransaction  - Committing JDBC Connection [com.mysql.cj.jdbc.ConnectionImpl@70e9c95d]
2019-07-05 16:22:22,661 0      [           main] DEBUG ache.ibatis.logging.LogFactory  - Logging initialized using 'class org.apache.ibatis.logging.log4j.Log4jImpl' adapter.
2019-07-05 16:22:22,715 54     [           main] DEBUG source.pooled.PooledDataSource  - PooledDataSource forcefully closed/removed all connections.
2019-07-05 16:22:22,716 55     [           main] DEBUG source.pooled.PooledDataSource  - PooledDataSource forcefully closed/removed all connections.
2019-07-05 16:22:22,716 55     [           main] DEBUG source.pooled.PooledDataSource  - PooledDataSource forcefully closed/removed all connections.
2019-07-05 16:22:22,716 55     [           main] DEBUG source.pooled.PooledDataSource  - PooledDataSource forcefully closed/removed all connections.
2019-07-05 16:22:23,037 376    [           main] DEBUG ansaction.jdbc.JdbcTransaction  - Opening JDBC Connection
2019-07-05 16:22:23,717 1056   [           main] DEBUG source.pooled.PooledDataSource  - Created connection 1466785259.
2019-07-05 16:22:23,718 1057   [           main] DEBUG ansaction.jdbc.JdbcTransaction  - Setting autocommit to false on JDBC Connection [com.mysql.cj.jdbc.ConnectionImpl@576d5deb]
2019-07-05 16:22:23,728 1067   [           main] DEBUG     dkz97.dao.UserDao.saveUser  - ==>  Preparing: INSERT INTO user(username,birthday,sex,address) values(?,?,?,?); 
2019-07-05 16:22:23,902 1241   [           main] DEBUG     dkz97.dao.UserDao.saveUser  - ==> Parameters: 张三(String), 2019-07-05 16:22:23.011(Timestamp), 男(String), 广州市番禺区(String)
2019-07-05 16:22:23,910 1249   [           main] DEBUG     dkz97.dao.UserDao.saveUser  - <==    Updates: 1
2019-07-05 16:22:23,911 1250   [           main] DEBUG ansaction.jdbc.JdbcTransaction  - Committing JDBC Connection [com.mysql.cj.jdbc.ConnectionImpl@576d5deb]
2019-07-05 16:27:48,716 0      [           main] DEBUG ache.ibatis.logging.LogFactory  - Logging initialized using 'class org.apache.ibatis.logging.log4j.Log4jImpl' adapter.
2019-07-05 16:27:48,761 45     [           main] DEBUG source.pooled.PooledDataSource  - PooledDataSource forcefully closed/removed all connections.
2019-07-05 16:27:48,761 45     [           main] DEBUG source.pooled.PooledDataSource  - PooledDataSource forcefully closed/removed all connections.
2019-07-05 16:27:48,761 45     [           main] DEBUG source.pooled.PooledDataSource  - PooledDataSource forcefully closed/removed all connections.
2019-07-05 16:27:48,762 46     [           main] DEBUG source.pooled.PooledDataSource  - PooledDataSource forcefully closed/removed all connections.
2019-07-05 16:27:48,992 276    [           main] DEBUG ansaction.jdbc.JdbcTransaction  - Opening JDBC Connection
2019-07-05 16:27:49,465 749    [           main] DEBUG source.pooled.PooledDataSource  - Created connection 1894369629.
2019-07-05 16:27:49,466 750    [           main] DEBUG ansaction.jdbc.JdbcTransaction  - Setting autocommit to false on JDBC Connection [com.mysql.cj.jdbc.ConnectionImpl@70e9c95d]
2019-07-05 16:27:49,474 758    [           main] DEBUG     dkz97.dao.UserDao.saveUser  - ==>  Preparing: INSERT INTO user(username,birthday,sex,address) values(?,?,?,?); 
2019-07-05 16:27:49,652 936    [           main] DEBUG     dkz97.dao.UserDao.saveUser  - ==> Parameters: 张三(String), 2019-07-05 16:27:48.963(Timestamp), 男(String), 广州市番禺区(String)
2019-07-05 16:27:49,658 942    [           main] DEBUG     dkz97.dao.UserDao.saveUser  - <==    Updates: 1
2019-07-05 16:27:49,663 947    [           main] DEBUG dao.UserDao.saveUser!selectKey  - ==>  Preparing: select last_insert_id(); 
2019-07-05 16:27:49,665 949    [           main] DEBUG dao.UserDao.saveUser!selectKey  - ==> Parameters: 
2019-07-05 16:27:49,760 1044   [           main] DEBUG dao.UserDao.saveUser!selectKey  - <==      Total: 1
2019-07-05 16:35:49,784 0      [           main] DEBUG ache.ibatis.logging.LogFactory  - Logging initialized using 'class org.apache.ibatis.logging.log4j.Log4jImpl' adapter.
2019-07-05 16:35:49,815 31     [           main] DEBUG source.pooled.PooledDataSource  - PooledDataSource forcefully closed/removed all connections.
2019-07-05 16:35:49,815 31     [           main] DEBUG source.pooled.PooledDataSource  - PooledDataSource forcefully closed/removed all connections.
2019-07-05 16:35:49,816 32     [           main] DEBUG source.pooled.PooledDataSource  - PooledDataSource forcefully closed/removed all connections.
2019-07-05 16:35:49,816 32     [           main] DEBUG source.pooled.PooledDataSource  - PooledDataSource forcefully closed/removed all connections.
2019-07-05 16:35:49,995 211    [           main] DEBUG ansaction.jdbc.JdbcTransaction  - Opening JDBC Connection
2019-07-05 16:35:50,403 619    [           main] DEBUG source.pooled.PooledDataSource  - Created connection 778731861.
2019-07-05 16:35:50,404 620    [           main] DEBUG ansaction.jdbc.JdbcTransaction  - Setting autocommit to false on JDBC Connection [com.mysql.cj.jdbc.ConnectionImpl@2e6a8155]
2019-07-05 16:35:50,412 628    [           main] DEBUG   dkz97.dao.UserDao.updateUser  - ==>  Preparing: UPDATE user set username=?,address=?,sex=? WHERE id=?; 
2019-07-05 16:35:50,565 781    [           main] DEBUG   dkz97.dao.UserDao.updateUser  - ==> Parameters: 杨和苏(String), 中国台湾(String), 女(String), 41(Integer)
2019-07-05 16:35:50,575 791    [           main] DEBUG   dkz97.dao.UserDao.updateUser  - <==    Updates: 1
2019-07-05 16:36:42,599 0      [           main] DEBUG ache.ibatis.logging.LogFactory  - Logging initialized using 'class org.apache.ibatis.logging.log4j.Log4jImpl' adapter.
2019-07-05 16:36:42,631 32     [           main] DEBUG source.pooled.PooledDataSource  - PooledDataSource forcefully closed/removed all connections.
2019-07-05 16:36:42,631 32     [           main] DEBUG source.pooled.PooledDataSource  - PooledDataSource forcefully closed/removed all connections.
2019-07-05 16:36:42,631 32     [           main] DEBUG source.pooled.PooledDataSource  - PooledDataSource forcefully closed/removed all connections.
2019-07-05 16:36:42,632 33     [           main] DEBUG source.pooled.PooledDataSource  - PooledDataSource forcefully closed/removed all connections.
2019-07-05 16:36:42,831 232    [           main] DEBUG ansaction.jdbc.JdbcTransaction  - Opening JDBC Connection
2019-07-05 16:36:43,284 685    [           main] DEBUG source.pooled.PooledDataSource  - Created connection 1876682596.
2019-07-05 16:36:43,284 685    [           main] DEBUG ansaction.jdbc.JdbcTransaction  - Setting autocommit to false on JDBC Connection [com.mysql.cj.jdbc.ConnectionImpl@6fdbe764]
2019-07-05 16:36:43,299 700    [           main] DEBUG   dkz97.dao.UserDao.updateUser  - ==>  Preparing: UPDATE user set username=?,address=?,sex=? WHERE id=?; 
2019-07-05 16:36:43,479 880    [           main] DEBUG   dkz97.dao.UserDao.updateUser  - ==> Parameters: 杨和苏(String), 中国台湾(String), 女(String), 41(Integer)
2019-07-05 16:36:43,484 885    [           main] DEBUG   dkz97.dao.UserDao.updateUser  - <==    Updates: 1
2019-07-05 16:36:43,494 895    [           main] DEBUG ansaction.jdbc.JdbcTransaction  - Committing JDBC Connection [com.mysql.cj.jdbc.ConnectionImpl@6fdbe764]
2019-07-05 16:36:43,502 903    [           main] DEBUG ansaction.jdbc.JdbcTransaction  - Resetting autocommit to true on JDBC Connection [com.mysql.cj.jdbc.ConnectionImpl@6fdbe764]
2019-07-05 16:36:43,503 904    [           main] DEBUG ansaction.jdbc.JdbcTransaction  - Closing JDBC Connection [com.mysql.cj.jdbc.ConnectionImpl@6fdbe764]
2019-07-05 16:36:43,504 905    [           main] DEBUG source.pooled.PooledDataSource  - Returned connection 1876682596 to pool.
2019-07-05 16:39:38,097 0      [           main] DEBUG ache.ibatis.logging.LogFactory  - Logging initialized using 'class org.apache.ibatis.logging.log4j.Log4jImpl' adapter.
2019-07-05 16:39:38,147 50     [           main] DEBUG source.pooled.PooledDataSource  - PooledDataSource forcefully closed/removed all connections.
2019-07-05 16:39:38,148 51     [           main] DEBUG source.pooled.PooledDataSource  - PooledDataSource forcefully closed/removed all connections.
2019-07-05 16:39:38,148 51     [           main] DEBUG source.pooled.PooledDataSource  - PooledDataSource forcefully closed/removed all connections.
2019-07-05 16:39:38,148 51     [           main] DEBUG source.pooled.PooledDataSource  - PooledDataSource forcefully closed/removed all connections.
2019-07-05 16:39:38,391 294    [           main] DEBUG ansaction.jdbc.JdbcTransaction  - Opening JDBC Connection
2019-07-05 16:39:38,942 845    [           main] DEBUG source.pooled.PooledDataSource  - Created connection 806511723.
2019-07-05 16:39:38,946 849    [           main] DEBUG ansaction.jdbc.JdbcTransaction  - Setting autocommit to false on JDBC Connection [com.mysql.cj.jdbc.ConnectionImpl@3012646b]
2019-07-05 16:39:38,971 874    [           main] DEBUG   dkz97.dao.UserDao.deleteUser  - ==>  Preparing: DELETE FROM user WHERE id=?; 
2019-07-05 16:39:39,120 1023   [           main] DEBUG   dkz97.dao.UserDao.deleteUser  - ==> Parameters: 45(Integer)
2019-07-05 16:39:39,172 1075   [           main] DEBUG ansaction.jdbc.JdbcTransaction  - Committing JDBC Connection [com.mysql.cj.jdbc.ConnectionImpl@3012646b]
2019-07-05 16:39:39,178 1081   [           main] DEBUG ansaction.jdbc.JdbcTransaction  - Resetting autocommit to true on JDBC Connection [com.mysql.cj.jdbc.ConnectionImpl@3012646b]
2019-07-05 16:39:39,179 1082   [           main] DEBUG ansaction.jdbc.JdbcTransaction  - Closing JDBC Connection [com.mysql.cj.jdbc.ConnectionImpl@3012646b]
2019-07-05 16:39:39,180 1083   [           main] DEBUG source.pooled.PooledDataSource  - Returned connection 806511723 to pool.
2019-07-05 16:41:41,718 0      [           main] DEBUG ache.ibatis.logging.LogFactory  - Logging initialized using 'class org.apache.ibatis.logging.log4j.Log4jImpl' adapter.
2019-07-05 16:41:41,805 87     [           main] DEBUG source.pooled.PooledDataSource  - PooledDataSource forcefully closed/removed all connections.
2019-07-05 16:41:41,808 90     [           main] DEBUG source.pooled.PooledDataSource  - PooledDataSource forcefully closed/removed all connections.
2019-07-05 16:41:41,809 91     [           main] DEBUG source.pooled.PooledDataSource  - PooledDataSource forcefully closed/removed all connections.
2019-07-05 16:41:41,810 92     [           main] DEBUG source.pooled.PooledDataSource  - PooledDataSource forcefully closed/removed all connections.
2019-07-05 16:41:42,128 410    [           main] DEBUG ansaction.jdbc.JdbcTransaction  - Opening JDBC Connection
2019-07-05 16:41:42,683 965    [           main] DEBUG source.pooled.PooledDataSource  - Created connection 1371957475.
2019-07-05 16:41:42,684 966    [           main] DEBUG ansaction.jdbc.JdbcTransaction  - Setting autocommit to false on JDBC Connection [com.mysql.cj.jdbc.ConnectionImpl@51c668e3]
2019-07-05 16:41:42,693 975    [           main] DEBUG   dkz97.dao.UserDao.deleteUser  - ==>  Preparing: DELETE FROM user WHERE id=?; 
2019-07-05 16:41:42,829 1111   [           main] DEBUG   dkz97.dao.UserDao.deleteUser  - ==> Parameters: 45(Integer)
2019-07-05 16:41:42,859 1141   [           main] DEBUG ansaction.jdbc.JdbcTransaction  - Committing JDBC Connection [com.mysql.cj.jdbc.ConnectionImpl@51c668e3]
2019-07-05 16:41:42,862 1144   [           main] DEBUG ansaction.jdbc.JdbcTransaction  - Resetting autocommit to true on JDBC Connection [com.mysql.cj.jdbc.ConnectionImpl@51c668e3]
2019-07-05 16:41:42,864 1146   [           main] DEBUG ansaction.jdbc.JdbcTransaction  - Closing JDBC Connection [com.mysql.cj.jdbc.ConnectionImpl@51c668e3]
2019-07-05 16:41:42,865 1147   [           main] DEBUG source.pooled.PooledDataSource  - Returned connection 1371957475 to pool.
2019-07-05 16:42:52,190 1      [           main] DEBUG ache.ibatis.logging.LogFactory  - Logging initialized using 'class org.apache.ibatis.logging.log4j.Log4jImpl' adapter.
2019-07-05 16:42:52,225 36     [           main] DEBUG source.pooled.PooledDataSource  - PooledDataSource forcefully closed/removed all connections.
2019-07-05 16:42:52,227 38     [           main] DEBUG source.pooled.PooledDataSource  - PooledDataSource forcefully closed/removed all connections.
2019-07-05 16:42:52,228 39     [           main] DEBUG source.pooled.PooledDataSource  - PooledDataSource forcefully closed/removed all connections.
2019-07-05 16:42:52,228 39     [           main] DEBUG source.pooled.PooledDataSource  - PooledDataSource forcefully closed/removed all connections.
2019-07-05 16:42:52,426 237    [           main] DEBUG ansaction.jdbc.JdbcTransaction  - Opening JDBC Connection
2019-07-05 16:42:52,956 767    [           main] DEBUG source.pooled.PooledDataSource  - Created connection 1371957475.
2019-07-05 16:42:52,957 768    [           main] DEBUG ansaction.jdbc.JdbcTransaction  - Setting autocommit to false on JDBC Connection [com.mysql.cj.jdbc.ConnectionImpl@51c668e3]
2019-07-05 16:42:52,966 777    [           main] DEBUG   dkz97.dao.UserDao.deleteUser  - ==>  Preparing: DELETE FROM user WHERE id=?; 
2019-07-05 16:42:53,082 893    [           main] DEBUG   dkz97.dao.UserDao.deleteUser  - ==> Parameters: 45(Integer)
2019-07-05 16:42:53,123 934    [           main] DEBUG ansaction.jdbc.JdbcTransaction  - Committing JDBC Connection [com.mysql.cj.jdbc.ConnectionImpl@51c668e3]
2019-07-05 16:42:53,128 939    [           main] DEBUG ansaction.jdbc.JdbcTransaction  - Resetting autocommit to true on JDBC Connection [com.mysql.cj.jdbc.ConnectionImpl@51c668e3]
2019-07-05 16:42:53,129 940    [           main] DEBUG ansaction.jdbc.JdbcTransaction  - Closing JDBC Connection [com.mysql.cj.jdbc.ConnectionImpl@51c668e3]
2019-07-05 16:42:53,129 940    [           main] DEBUG source.pooled.PooledDataSource  - Returned connection 1371957475 to pool.
2019-07-05 16:44:30,198 0      [           main] DEBUG ache.ibatis.logging.LogFactory  - Logging initialized using 'class org.apache.ibatis.logging.log4j.Log4jImpl' adapter.
2019-07-05 16:44:30,236 38     [           main] DEBUG source.pooled.PooledDataSource  - PooledDataSource forcefully closed/removed all connections.
2019-07-05 16:44:30,237 39     [           main] DEBUG source.pooled.PooledDataSource  - PooledDataSource forcefully closed/removed all connections.
2019-07-05 16:44:30,238 40     [           main] DEBUG source.pooled.PooledDataSource  - PooledDataSource forcefully closed/removed all connections.
2019-07-05 16:44:30,238 40     [           main] DEBUG source.pooled.PooledDataSource  - PooledDataSource forcefully closed/removed all connections.
2019-07-05 16:44:30,413 215    [           main] DEBUG ansaction.jdbc.JdbcTransaction  - Opening JDBC Connection
2019-07-05 16:44:30,906 708    [           main] DEBUG source.pooled.PooledDataSource  - Created connection 1371957475.
2019-07-05 16:44:30,906 708    [           main] DEBUG ansaction.jdbc.JdbcTransaction  - Setting autocommit to false on JDBC Connection [com.mysql.cj.jdbc.ConnectionImpl@51c668e3]
2019-07-05 16:44:30,915 717    [           main] DEBUG   dkz97.dao.UserDao.deleteUser  - ==>  Preparing: DELETE FROM user WHERE id=?; 
2019-07-05 16:44:31,063 865    [           main] DEBUG   dkz97.dao.UserDao.deleteUser  - ==> Parameters: 52(Integer)
2019-07-05 16:44:31,072 874    [           main] DEBUG   dkz97.dao.UserDao.deleteUser  - <==    Updates: 1
2019-07-05 16:44:31,073 875    [           main] DEBUG ansaction.jdbc.JdbcTransaction  - Committing JDBC Connection [com.mysql.cj.jdbc.ConnectionImpl@51c668e3]
2019-07-05 16:44:31,079 881    [           main] DEBUG ansaction.jdbc.JdbcTransaction  - Resetting autocommit to true on JDBC Connection [com.mysql.cj.jdbc.ConnectionImpl@51c668e3]
2019-07-05 16:44:31,080 882    [           main] DEBUG ansaction.jdbc.JdbcTransaction  - Closing JDBC Connection [com.mysql.cj.jdbc.ConnectionImpl@51c668e3]
2019-07-05 16:44:31,080 882    [           main] DEBUG source.pooled.PooledDataSource  - Returned connection 1371957475 to pool.
2019-07-05 16:48:48,663 0      [           main] DEBUG ache.ibatis.logging.LogFactory  - Logging initialized using 'class org.apache.ibatis.logging.log4j.Log4jImpl' adapter.
2019-07-05 16:48:48,705 42     [           main] DEBUG source.pooled.PooledDataSource  - PooledDataSource forcefully closed/removed all connections.
2019-07-05 16:48:48,705 42     [           main] DEBUG source.pooled.PooledDataSource  - PooledDataSource forcefully closed/removed all connections.
2019-07-05 16:48:48,705 42     [           main] DEBUG source.pooled.PooledDataSource  - PooledDataSource forcefully closed/removed all connections.
2019-07-05 16:48:48,705 42     [           main] DEBUG source.pooled.PooledDataSource  - PooledDataSource forcefully closed/removed all connections.
2019-07-05 16:48:48,877 214    [           main] DEBUG ansaction.jdbc.JdbcTransaction  - Opening JDBC Connection
2019-07-05 16:48:49,326 663    [           main] DEBUG source.pooled.PooledDataSource  - Created connection 1293241549.
2019-07-05 16:48:49,327 664    [           main] DEBUG ansaction.jdbc.JdbcTransaction  - Setting autocommit to false on JDBC Connection [com.mysql.cj.jdbc.ConnectionImpl@4d154ccd]
2019-07-05 16:48:49,337 674    [           main] DEBUG   dkz97.dao.UserDao.findByName  - ==>  Preparing: SELECT * FROM user WHERE username LIKE ?; 
2019-07-05 16:48:49,448 785    [           main] DEBUG   dkz97.dao.UserDao.findByName  - ==> Parameters: %王%(String)
2019-07-05 16:48:49,551 888    [           main] DEBUG   dkz97.dao.UserDao.findByName  - <==      Total: 3
2019-07-05 16:48:49,561 898    [           main] DEBUG ansaction.jdbc.JdbcTransaction  - Resetting autocommit to true on JDBC Connection [com.mysql.cj.jdbc.ConnectionImpl@4d154ccd]
2019-07-05 16:48:49,562 899    [           main] DEBUG ansaction.jdbc.JdbcTransaction  - Closing JDBC Connection [com.mysql.cj.jdbc.ConnectionImpl@4d154ccd]
2019-07-05 16:48:49,564 901    [           main] DEBUG source.pooled.PooledDataSource  - Returned connection 1293241549 to pool.
2019-07-05 16:59:02,092 0      [           main] DEBUG ache.ibatis.logging.LogFactory  - Logging initialized using 'class org.apache.ibatis.logging.log4j.Log4jImpl' adapter.
2019-07-05 16:59:02,174 82     [           main] DEBUG source.pooled.PooledDataSource  - PooledDataSource forcefully closed/removed all connections.
2019-07-05 16:59:02,177 85     [           main] DEBUG source.pooled.PooledDataSource  - PooledDataSource forcefully closed/removed all connections.
2019-07-05 16:59:02,178 86     [           main] DEBUG source.pooled.PooledDataSource  - PooledDataSource forcefully closed/removed all connections.
2019-07-05 16:59:02,178 86     [           main] DEBUG source.pooled.PooledDataSource  - PooledDataSource forcefully closed/removed all connections.
2019-07-05 17:04:17,480 0      [           main] DEBUG ache.ibatis.logging.LogFactory  - Logging initialized using 'class org.apache.ibatis.logging.log4j.Log4jImpl' adapter.
2019-07-05 17:04:17,542 62     [           main] DEBUG source.pooled.PooledDataSource  - PooledDataSource forcefully closed/removed all connections.
2019-07-05 17:04:17,542 62     [           main] DEBUG source.pooled.PooledDataSource  - PooledDataSource forcefully closed/removed all connections.
2019-07-05 17:04:17,542 62     [           main] DEBUG source.pooled.PooledDataSource  - PooledDataSource forcefully closed/removed all connections.
2019-07-05 17:04:17,544 64     [           main] DEBUG source.pooled.PooledDataSource  - PooledDataSource forcefully closed/removed all connections.
2019-07-05 17:04:17,830 350    [           main] DEBUG ansaction.jdbc.JdbcTransaction  - Opening JDBC Connection
2019-07-05 17:04:18,381 901    [           main] DEBUG source.pooled.PooledDataSource  - Created connection 1293241549.
2019-07-05 17:04:18,381 901    [           main] DEBUG ansaction.jdbc.JdbcTransaction  - Setting autocommit to false on JDBC Connection [com.mysql.cj.jdbc.ConnectionImpl@4d154ccd]
2019-07-05 17:04:18,406 926    [           main] DEBUG   dkz97.dao.UserDao.findByName  - ==>  Preparing: SELECT * FROM user WHERE username LIKE '$%{value}%' 
2019-07-05 17:04:18,528 1048   [           main] DEBUG   dkz97.dao.UserDao.findByName  - ==> Parameters: 
2019-07-05 17:04:18,767 1287   [           main] DEBUG   dkz97.dao.UserDao.findByName  - <==      Total: 0
2019-07-05 17:04:18,778 1298   [           main] DEBUG ansaction.jdbc.JdbcTransaction  - Resetting autocommit to true on JDBC Connection [com.mysql.cj.jdbc.ConnectionImpl@4d154ccd]
2019-07-05 17:04:18,782 1302   [           main] DEBUG ansaction.jdbc.JdbcTransaction  - Closing JDBC Connection [com.mysql.cj.jdbc.ConnectionImpl@4d154ccd]
2019-07-05 17:04:18,782 1302   [           main] DEBUG source.pooled.PooledDataSource  - Returned connection 1293241549 to pool.
2019-07-05 17:05:09,660 0      [           main] DEBUG ache.ibatis.logging.LogFactory  - Logging initialized using 'class org.apache.ibatis.logging.log4j.Log4jImpl' adapter.
2019-07-05 17:05:09,719 59     [           main] DEBUG source.pooled.PooledDataSource  - PooledDataSource forcefully closed/removed all connections.
2019-07-05 17:05:09,720 60     [           main] DEBUG source.pooled.PooledDataSource  - PooledDataSource forcefully closed/removed all connections.
2019-07-05 17:05:09,721 61     [           main] DEBUG source.pooled.PooledDataSource  - PooledDataSource forcefully closed/removed all connections.
2019-07-05 17:05:09,721 61     [           main] DEBUG source.pooled.PooledDataSource  - PooledDataSource forcefully closed/removed all connections.
2019-07-05 17:05:10,001 341    [           main] DEBUG ansaction.jdbc.JdbcTransaction  - Opening JDBC Connection
2019-07-05 17:05:10,544 884    [           main] DEBUG source.pooled.PooledDataSource  - Created connection 434398524.
2019-07-05 17:05:10,546 886    [           main] DEBUG ansaction.jdbc.JdbcTransaction  - Setting autocommit to false on JDBC Connection [com.mysql.cj.jdbc.ConnectionImpl@19e4653c]
2019-07-05 17:05:10,557 897    [           main] DEBUG   dkz97.dao.UserDao.findByName  - ==>  Preparing: SELECT * FROM user WHERE username LIKE '%王%' 
2019-07-05 17:05:10,718 1058   [           main] DEBUG   dkz97.dao.UserDao.findByName  - ==> Parameters: 
2019-07-05 17:05:10,872 1212   [           main] DEBUG   dkz97.dao.UserDao.findByName  - <==      Total: 3
2019-07-05 17:05:10,875 1215   [           main] DEBUG ansaction.jdbc.JdbcTransaction  - Resetting autocommit to true on JDBC Connection [com.mysql.cj.jdbc.ConnectionImpl@19e4653c]
2019-07-05 17:05:10,876 1216   [           main] DEBUG ansaction.jdbc.JdbcTransaction  - Closing JDBC Connection [com.mysql.cj.jdbc.ConnectionImpl@19e4653c]
2019-07-05 17:05:10,876 1216   [           main] DEBUG source.pooled.PooledDataSource  - Returned connection 434398524 to pool.
2019-07-05 17:11:26,837 0      [           main] DEBUG ache.ibatis.logging.LogFactory  - Logging initialized using 'class org.apache.ibatis.logging.log4j.Log4jImpl' adapter.
2019-07-05 17:11:26,869 32     [           main] DEBUG source.pooled.PooledDataSource  - PooledDataSource forcefully closed/removed all connections.
2019-07-05 17:11:26,869 32     [           main] DEBUG source.pooled.PooledDataSource  - PooledDataSource forcefully closed/removed all connections.
2019-07-05 17:11:26,870 33     [           main] DEBUG source.pooled.PooledDataSource  - PooledDataSource forcefully closed/removed all connections.
2019-07-05 17:11:26,870 33     [           main] DEBUG source.pooled.PooledDataSource  - PooledDataSource forcefully closed/removed all connections.
2019-07-05 17:11:27,063 226    [           main] DEBUG ansaction.jdbc.JdbcTransaction  - Opening JDBC Connection
2019-07-05 17:11:27,502 665    [           main] DEBUG source.pooled.PooledDataSource  - Created connection 953082513.
2019-07-05 17:11:27,503 666    [           main] DEBUG ansaction.jdbc.JdbcTransaction  - Setting autocommit to false on JDBC Connection [com.mysql.cj.jdbc.ConnectionImpl@38cee291]
2019-07-05 17:11:27,537 700    [           main] DEBUG    dkz97.dao.UserDao.findTotal  - ==>  Preparing: select count(*) from user; 
2019-07-05 17:11:27,657 820    [           main] DEBUG    dkz97.dao.UserDao.findTotal  - ==> Parameters: 
2019-07-05 17:11:27,827 990    [           main] DEBUG    dkz97.dao.UserDao.findTotal  - <==      Total: 1
2019-07-05 17:11:27,829 992    [           main] DEBUG ansaction.jdbc.JdbcTransaction  - Resetting autocommit to true on JDBC Connection [com.mysql.cj.jdbc.ConnectionImpl@38cee291]
2019-07-05 17:11:27,831 994    [           main] DEBUG ansaction.jdbc.JdbcTransaction  - Closing JDBC Connection [com.mysql.cj.jdbc.ConnectionImpl@38cee291]
2019-07-05 17:11:27,831 994    [           main] DEBUG source.pooled.PooledDataSource  - Returned connection 953082513 to pool.
2019-07-05 19:58:01,525 0      [           main] DEBUG ache.ibatis.logging.LogFactory  - Logging initialized using 'class org.apache.ibatis.logging.log4j.Log4jImpl' adapter.
2019-07-05 19:58:01,558 33     [           main] DEBUG source.pooled.PooledDataSource  - PooledDataSource forcefully closed/removed all connections.
2019-07-05 19:58:01,558 33     [           main] DEBUG source.pooled.PooledDataSource  - PooledDataSource forcefully closed/removed all connections.
2019-07-05 19:58:01,559 34     [           main] DEBUG source.pooled.PooledDataSource  - PooledDataSource forcefully closed/removed all connections.
2019-07-05 19:58:01,559 34     [           main] DEBUG source.pooled.PooledDataSource  - PooledDataSource forcefully closed/removed all connections.
2019-07-05 19:58:14,647 13122  [           main] DEBUG ansaction.jdbc.JdbcTransaction  - Opening JDBC Connection
2019-07-05 19:58:15,362 13837  [           main] DEBUG source.pooled.PooledDataSource  - Created connection 2035616217.
2019-07-05 19:58:15,363 13838  [           main] DEBUG ansaction.jdbc.JdbcTransaction  - Setting autocommit to false on JDBC Connection [com.mysql.cj.jdbc.ConnectionImpl@795509d9]
2019-07-05 19:58:15,377 13852  [           main] DEBUG      dkz97.dao.UserDao.findAll  - ==>  Preparing: SELECT * FROM user; 
2019-07-05 19:58:15,504 13979  [           main] DEBUG      dkz97.dao.UserDao.findAll  - ==> Parameters: 
2019-07-05 19:58:15,613 14088  [           main] DEBUG      dkz97.dao.UserDao.findAll  - <==      Total: 6
2019-07-05 19:58:15,642 14117  [           main] DEBUG ansaction.jdbc.JdbcTransaction  - Resetting autocommit to true on JDBC Connection [com.mysql.cj.jdbc.ConnectionImpl@795509d9]
2019-07-05 19:58:15,643 14118  [           main] DEBUG ansaction.jdbc.JdbcTransaction  - Closing JDBC Connection [com.mysql.cj.jdbc.ConnectionImpl@795509d9]
2019-07-05 19:58:15,644 14119  [           main] DEBUG source.pooled.PooledDataSource  - Returned connection 2035616217 to pool.
2019-07-05 20:01:31,812 0      [           main] DEBUG ache.ibatis.logging.LogFactory  - Logging initialized using 'class org.apache.ibatis.logging.log4j.Log4jImpl' adapter.
2019-07-05 20:01:31,864 52     [           main] DEBUG source.pooled.PooledDataSource  - PooledDataSource forcefully closed/removed all connections.
2019-07-05 20:01:31,865 53     [           main] DEBUG source.pooled.PooledDataSource  - PooledDataSource forcefully closed/removed all connections.
2019-07-05 20:01:31,866 54     [           main] DEBUG source.pooled.PooledDataSource  - PooledDataSource forcefully closed/removed all connections.
2019-07-05 20:01:31,866 54     [           main] DEBUG source.pooled.PooledDataSource  - PooledDataSource forcefully closed/removed all connections.
2019-07-05 20:03:24,926 113114 [           main] DEBUG ansaction.jdbc.JdbcTransaction  - Opening JDBC Connection
2019-07-05 20:03:25,751 113939 [           main] DEBUG source.pooled.PooledDataSource  - Created connection 1489743810.
2019-07-05 20:03:25,753 113941 [           main] DEBUG ansaction.jdbc.JdbcTransaction  - Setting autocommit to false on JDBC Connection [com.mysql.cj.jdbc.ConnectionImpl@58cbafc2]
2019-07-05 20:03:25,771 113959 [           main] DEBUG   dkz97.dao.UserDao.findByName  - ==>  Preparing: SELECT * FROM user WHERE username LIKE ?; 
2019-07-05 20:03:25,905 114093 [           main] DEBUG   dkz97.dao.UserDao.findByName  - ==> Parameters: %王%(String)
2019-07-05 20:03:26,036 114224 [           main] DEBUG   dkz97.dao.UserDao.findByName  - <==      Total: 3
2019-07-05 20:03:26,061 114249 [           main] DEBUG ansaction.jdbc.JdbcTransaction  - Resetting autocommit to true on JDBC Connection [com.mysql.cj.jdbc.ConnectionImpl@58cbafc2]
2019-07-05 20:03:26,063 114251 [           main] DEBUG ansaction.jdbc.JdbcTransaction  - Closing JDBC Connection [com.mysql.cj.jdbc.ConnectionImpl@58cbafc2]
2019-07-05 20:03:26,065 114253 [           main] DEBUG source.pooled.PooledDataSource  - Returned connection 1489743810 to pool.
2019-07-05 20:03:26,113 114301 [           main] DEBUG source.pooled.PooledDataSource  - PooledDataSource forcefully closed/removed all connections.
2019-07-05 20:03:26,114 114302 [           main] DEBUG source.pooled.PooledDataSource  - PooledDataSource forcefully closed/removed all connections.
2019-07-05 20:03:26,115 114303 [           main] DEBUG source.pooled.PooledDataSource  - PooledDataSource forcefully closed/removed all connections.
2019-07-05 20:03:26,116 114304 [           main] DEBUG source.pooled.PooledDataSource  - PooledDataSource forcefully closed/removed all connections.
2019-07-05 20:07:41,125 369313 [           main] DEBUG ansaction.jdbc.JdbcTransaction  - Opening JDBC Connection
2019-07-05 20:07:41,148 369336 [           main] DEBUG source.pooled.PooledDataSource  - Created connection 2133655103.
2019-07-05 20:07:41,149 369337 [           main] DEBUG ansaction.jdbc.JdbcTransaction  - Setting autocommit to false on JDBC Connection [com.mysql.cj.jdbc.ConnectionImpl@7f2cfe3f]
2019-07-05 20:07:41,154 369342 [           main] DEBUG   dkz97.dao.UserDao.updateUser  - ==>  Preparing: UPDATE user set username=?,address=?,sex=? WHERE id=?; 
2019-07-05 20:07:41,159 369347 [           main] DEBUG   dkz97.dao.UserDao.updateUser  - ==> Parameters: 杨和苏(String), 中国台湾(String), 女(String), 41(Integer)
2019-07-05 20:07:41,165 369353 [           main] DEBUG   dkz97.dao.UserDao.updateUser  - <==    Updates: 1
2019-07-05 20:07:41,166 369354 [           main] DEBUG ansaction.jdbc.JdbcTransaction  - Committing JDBC Connection [com.mysql.cj.jdbc.ConnectionImpl@7f2cfe3f]
2019-07-05 20:07:41,172 369360 [           main] DEBUG ansaction.jdbc.JdbcTransaction  - Resetting autocommit to true on JDBC Connection [com.mysql.cj.jdbc.ConnectionImpl@7f2cfe3f]
2019-07-05 20:07:41,173 369361 [           main] DEBUG ansaction.jdbc.JdbcTransaction  - Closing JDBC Connection [com.mysql.cj.jdbc.ConnectionImpl@7f2cfe3f]
2019-07-05 20:07:41,174 369362 [           main] DEBUG source.pooled.PooledDataSource  - Returned connection 2133655103 to pool.
2019-07-05 20:07:41,216 369404 [           main] DEBUG source.pooled.PooledDataSource  - PooledDataSource forcefully closed/removed all connections.
2019-07-05 20:07:41,216 369404 [           main] DEBUG source.pooled.PooledDataSource  - PooledDataSource forcefully closed/removed all connections.
2019-07-05 20:07:41,217 369405 [           main] DEBUG source.pooled.PooledDataSource  - PooledDataSource forcefully closed/removed all connections.
2019-07-05 20:07:41,217 369405 [           main] DEBUG source.pooled.PooledDataSource  - PooledDataSource forcefully closed/removed all connections.
2019-07-05 20:07:46,490 0      [           main] DEBUG ache.ibatis.logging.LogFactory  - Logging initialized using 'class org.apache.ibatis.logging.log4j.Log4jImpl' adapter.
2019-07-05 20:07:46,536 46     [           main] DEBUG source.pooled.PooledDataSource  - PooledDataSource forcefully closed/removed all connections.
2019-07-05 20:07:46,536 46     [           main] DEBUG source.pooled.PooledDataSource  - PooledDataSource forcefully closed/removed all connections.
2019-07-05 20:07:46,537 47     [           main] DEBUG source.pooled.PooledDataSource  - PooledDataSource forcefully closed/removed all connections.
2019-07-05 20:07:46,537 47     [           main] DEBUG source.pooled.PooledDataSource  - PooledDataSource forcefully closed/removed all connections.
2019-07-05 20:07:53,609 7119   [           main] DEBUG ansaction.jdbc.JdbcTransaction  - Opening JDBC Connection
2019-07-05 20:07:54,164 7674   [           main] DEBUG source.pooled.PooledDataSource  - Created connection 1489743810.
2019-07-05 20:07:54,165 7675   [           main] DEBUG ansaction.jdbc.JdbcTransaction  - Setting autocommit to false on JDBC Connection [com.mysql.cj.jdbc.ConnectionImpl@58cbafc2]
2019-07-05 20:07:54,173 7683   [           main] DEBUG   dkz97.dao.UserDao.findByName  - ==>  Preparing: SELECT * FROM user WHERE username LIKE ?; 
2019-07-05 20:07:54,260 7770   [           main] DEBUG   dkz97.dao.UserDao.findByName  - ==> Parameters: %王%(String)
2019-07-05 20:07:54,338 7848   [           main] DEBUG   dkz97.dao.UserDao.findByName  - <==      Total: 3
2019-07-05 20:07:54,357 7867   [           main] DEBUG ansaction.jdbc.JdbcTransaction  - Resetting autocommit to true on JDBC Connection [com.mysql.cj.jdbc.ConnectionImpl@58cbafc2]
2019-07-05 20:07:54,358 7868   [           main] DEBUG ansaction.jdbc.JdbcTransaction  - Closing JDBC Connection [com.mysql.cj.jdbc.ConnectionImpl@58cbafc2]
2019-07-05 20:07:54,359 7869   [           main] DEBUG source.pooled.PooledDataSource  - Returned connection 1489743810 to pool.
2019-07-05 20:07:54,398 7908   [           main] DEBUG source.pooled.PooledDataSource  - PooledDataSource forcefully closed/removed all connections.
2019-07-05 20:07:54,399 7909   [           main] DEBUG source.pooled.PooledDataSource  - PooledDataSource forcefully closed/removed all connections.
2019-07-05 20:07:54,400 7910   [           main] DEBUG source.pooled.PooledDataSource  - PooledDataSource forcefully closed/removed all connections.
2019-07-05 20:07:54,401 7911   [           main] DEBUG source.pooled.PooledDataSource  - PooledDataSource forcefully closed/removed all connections.
2019-07-05 20:09:36,648 110158 [           main] DEBUG ansaction.jdbc.JdbcTransaction  - Opening JDBC Connection
2019-07-05 20:09:36,668 110178 [           main] DEBUG source.pooled.PooledDataSource  - Created connection 2133655103.
2019-07-05 20:09:36,669 110179 [           main] DEBUG ansaction.jdbc.JdbcTransaction  - Setting autocommit to false on JDBC Connection [com.mysql.cj.jdbc.ConnectionImpl@7f2cfe3f]
2019-07-05 20:09:36,670 110180 [           main] DEBUG   dkz97.dao.UserDao.updateUser  - ==>  Preparing: UPDATE user set username=?,address=?,sex=? WHERE id=?; 
2019-07-05 20:09:36,675 110185 [           main] DEBUG   dkz97.dao.UserDao.updateUser  - ==> Parameters: 杨和苏(String), 中国台湾(String), 女(String), 41(Integer)
2019-07-05 20:09:36,677 110187 [           main] DEBUG   dkz97.dao.UserDao.updateUser  - <==    Updates: 1
2019-07-05 20:09:36,678 110188 [           main] DEBUG ansaction.jdbc.JdbcTransaction  - Committing JDBC Connection [com.mysql.cj.jdbc.ConnectionImpl@7f2cfe3f]
2019-07-05 20:09:36,682 110192 [           main] DEBUG ansaction.jdbc.JdbcTransaction  - Resetting autocommit to true on JDBC Connection [com.mysql.cj.jdbc.ConnectionImpl@7f2cfe3f]
2019-07-05 20:09:36,683 110193 [           main] DEBUG ansaction.jdbc.JdbcTransaction  - Closing JDBC Connection [com.mysql.cj.jdbc.ConnectionImpl@7f2cfe3f]
2019-07-05 20:09:36,684 110194 [           main] DEBUG source.pooled.PooledDataSource  - Returned connection 2133655103 to pool.
2019-07-05 20:09:36,719 110229 [           main] DEBUG source.pooled.PooledDataSource  - PooledDataSource forcefully closed/removed all connections.
2019-07-05 20:09:36,720 110230 [           main] DEBUG source.pooled.PooledDataSource  - PooledDataSource forcefully closed/removed all connections.
2019-07-05 20:09:36,720 110230 [           main] DEBUG source.pooled.PooledDataSource  - PooledDataSource forcefully closed/removed all connections.
2019-07-05 20:09:36,721 110231 [           main] DEBUG source.pooled.PooledDataSource  - PooledDataSource forcefully closed/removed all connections.
